{
  "stats": {
    "suites": 1,
    "tests": 1,
    "passes": 1,
    "pending": 0,
    "failures": 0,
    "start": "2024-11-20T09:52:38.718Z",
    "end": "2024-11-20T09:52:45.156Z",
    "duration": 6438,
    "testsRegistered": 1,
    "passPercent": 100,
    "pendingPercent": 0,
    "other": 0,
    "hasOther": false,
    "skipped": 0,
    "hasSkipped": false
  },
  "results": [
    {
      "uuid": "160bcca4-6b7e-4d16-b1d9-933b2ce0221c",
      "title": "",
      "fullFile": "cypress\\e2e\\differentUser.cy.js",
      "file": "cypress\\e2e\\differentUser.cy.js",
      "beforeHooks": [],
      "afterHooks": [],
      "tests": [],
      "suites": [
        {
          "uuid": "21cd3d06-2f47-4834-bbab-432f80b0b45c",
          "title": "Login Test for locked_out_user",
          "fullFile": "",
          "file": "",
          "beforeHooks": [],
          "afterHooks": [],
          "tests": [
            {
              "title": "should show an error for locked_out_user",
              "fullTitle": "Login Test for locked_out_user should show an error for locked_out_user",
              "timedOut": null,
              "duration": 3236,
              "state": "passed",
              "speed": "fast",
              "pass": true,
              "fail": false,
              "pending": false,
              "context": null,
              "code": "// Enter username\ncy.get('#user-name').type('locked_out_user');\n// Enter password\ncy.get('#password').type('secret_sauce');\n// Click the login button\ncy.get('#login-button').click();\n// Assert the error message\ncy.get('[data-test=\"error\"]').should('contain.text', 'Sorry, this user has been locked out.');",
              "err": {},
              "uuid": "e8154f02-4513-4322-b2ce-5d6fb7fd3be8",
              "parentUUID": "21cd3d06-2f47-4834-bbab-432f80b0b45c",
              "isHook": false,
              "skipped": false
            }
          ],
          "suites": [],
          "passes": [
            "e8154f02-4513-4322-b2ce-5d6fb7fd3be8"
          ],
          "failures": [],
          "pending": [],
          "skipped": [],
          "duration": 3236,
          "root": false,
          "rootEmpty": false,
          "_timeout": 2000
        }
      ],
      "passes": [],
      "failures": [],
      "pending": [],
      "skipped": [],
      "duration": 0,
      "root": true,
      "rootEmpty": true,
      "_timeout": 2000
    }
  ],
  "meta": {
    "mocha": {
      "version": "7.0.1"
    },
    "mochawesome": {
      "options": {
        "quiet": false,
        "reportFilename": "mochawesome",
        "saveHtml": false,
        "saveJson": true,
        "consoleReporter": "spec",
        "useInlineDiffs": false,
        "code": true
      },
      "version": "7.1.3"
    },
    "marge": {
      "options": {
        "overwrite": false,
        "html": false,
        "json": true,
        "reportDir": "cypress\\reports\\html\\.jsons"
      },
      "version": "6.2.0"
    }
  }
}