{
  "stats": {
    "suites": 1,
    "tests": 1,
    "passes": 1,
    "pending": 0,
    "failures": 0,
    "start": "2024-11-20T09:52:48.900Z",
    "end": "2024-11-20T09:52:54.775Z",
    "duration": 5875,
    "testsRegistered": 1,
    "passPercent": 100,
    "pendingPercent": 0,
    "other": 0,
    "hasOther": false,
    "skipped": 0,
    "hasSkipped": false
  },
  "results": [
    {
      "uuid": "2c9be510-c8b2-4d21-a614-f62d71924699",
      "title": "",
      "fullFile": "cypress\\e2e\\login-test.cy.js",
      "file": "cypress\\e2e\\login-test.cy.js",
      "beforeHooks": [],
      "afterHooks": [],
      "tests": [],
      "suites": [
        {
          "uuid": "67eb6f97-ad56-48c6-acf1-cf92a4b3a316",
          "title": "Sauce Demo Login Test",
          "fullFile": "",
          "file": "",
          "beforeHooks": [],
          "afterHooks": [],
          "tests": [
            {
              "title": "Valid login",
              "fullTitle": "Sauce Demo Login Test Valid login",
              "timedOut": null,
              "duration": 2651,
              "state": "passed",
              "speed": "fast",
              "pass": true,
              "fail": false,
              "pending": false,
              "context": null,
              "code": "loginPage.KuraLogin();",
              "err": {},
              "uuid": "5dd84854-34c4-4b9e-ba7a-8a1da9bafabf",
              "parentUUID": "67eb6f97-ad56-48c6-acf1-cf92a4b3a316",
              "isHook": false,
              "skipped": false
            }
          ],
          "suites": [],
          "passes": [
            "5dd84854-34c4-4b9e-ba7a-8a1da9bafabf"
          ],
          "failures": [],
          "pending": [],
          "skipped": [],
          "duration": 2651,
          "root": false,
          "rootEmpty": false,
          "_timeout": 2000
        }
      ],
      "passes": [],
      "failures": [],
      "pending": [],
      "skipped": [],
      "duration": 0,
      "root": true,
      "rootEmpty": true,
      "_timeout": 2000
    }
  ],
  "meta": {
    "mocha": {
      "version": "7.0.1"
    },
    "mochawesome": {
      "options": {
        "quiet": false,
        "reportFilename": "mochawesome",
        "saveHtml": false,
        "saveJson": true,
        "consoleReporter": "spec",
        "useInlineDiffs": false,
        "code": true
      },
      "version": "7.1.3"
    },
    "marge": {
      "options": {
        "overwrite": false,
        "html": false,
        "json": true,
        "reportDir": "cypress\\reports\\html\\.jsons"
      },
      "version": "6.2.0"
    }
  }
}