{
  "stats": {
    "suites": 1,
    "tests": 1,
    "passes": 1,
    "pending": 0,
    "failures": 0,
    "start": "2024-11-20T09:43:47.864Z",
    "end": "2024-11-20T09:43:53.563Z",
    "duration": 5699,
    "testsRegistered": 1,
    "passPercent": 100,
    "pendingPercent": 0,
    "other": 0,
    "hasOther": false,
    "skipped": 0,
    "hasSkipped": false
  },
  "results": [
    {
      "uuid": "711d23eb-bb17-4abd-858b-a096ae57ecda",
      "title": "",
      "fullFile": "cypress\\e2e\\login-test.cy.js",
      "file": "cypress\\e2e\\login-test.cy.js",
      "beforeHooks": [],
      "afterHooks": [],
      "tests": [],
      "suites": [
        {
          "uuid": "7e2167bc-1c70-4319-a566-5c5c2d6b75b5",
          "title": "Sauce Demo Login Test",
          "fullFile": "",
          "file": "",
          "beforeHooks": [],
          "afterHooks": [],
          "tests": [
            {
              "title": "Valid login",
              "fullTitle": "Sauce Demo Login Test Valid login",
              "timedOut": null,
              "duration": 2587,
              "state": "passed",
              "speed": "fast",
              "pass": true,
              "fail": false,
              "pending": false,
              "context": null,
              "code": "loginPage.KuraLogin();",
              "err": {},
              "uuid": "0314cdfa-781a-49f7-8148-6347945ccf9c",
              "parentUUID": "7e2167bc-1c70-4319-a566-5c5c2d6b75b5",
              "isHook": false,
              "skipped": false
            }
          ],
          "suites": [],
          "passes": [
            "0314cdfa-781a-49f7-8148-6347945ccf9c"
          ],
          "failures": [],
          "pending": [],
          "skipped": [],
          "duration": 2587,
          "root": false,
          "rootEmpty": false,
          "_timeout": 2000
        }
      ],
      "passes": [],
      "failures": [],
      "pending": [],
      "skipped": [],
      "duration": 0,
      "root": true,
      "rootEmpty": true,
      "_timeout": 2000
    }
  ],
  "meta": {
    "mocha": {
      "version": "7.0.1"
    },
    "mochawesome": {
      "options": {
        "quiet": false,
        "reportFilename": "mochawesome",
        "saveHtml": false,
        "saveJson": true,
        "consoleReporter": "spec",
        "useInlineDiffs": false,
        "code": true
      },
      "version": "7.1.3"
    },
    "marge": {
      "options": {
        "overwrite": false,
        "html": false,
        "json": true,
        "reportDir": "cypress\\reports\\html\\.jsons"
      },
      "version": "6.2.0"
    }
  }
}